# JRE version: OpenJDK Runtime Environment Temurin-17.0.6+10 (17.0.6+10) (build 17.0.6+10)
# Java VM: OpenJDK 64-Bit Server VM Temurin-17.0.6+10 (17.0.6+10, mixed mode, tiered, compressed oops, compressed class ptrs, parallel gc, windows-amd64)
GC Precious Log:
 CPUs: 24 total, 24 available
 Memory: 32603M
 Large Page Support: Disabled
 NUMA Support: Disabled
 Compressed Oops: Enabled (32-bit)
 Alignments: Space 512K, Generation 512K, Heap 2M
 Heap Min Capacity: 100M
 Heap Initial Capacity: 100M
 Heap Max Capacity: 1G
 Pre-touch: Disabled
 Parallel Workers: 18
Heap:
 PSYoungGen      total 33792K, used 33769K [0x00000000eab00000, 0x00000000ee400000, 0x0000000100000000)
  eden space 18432K, 99% used [0x00000000eab00000,0x00000000ebcfb9f0,0x00000000ebd00000)
  from space 15360K, 99% used [0x00000000ed500000,0x00000000ee3fed70,0x00000000ee400000)
  to   space 19968K, 81% used [0x00000000ebd00000,0x00000000eccfad80,0x00000000ed080000)
 ParOldGen       total 256000K, used 220386K [0x00000000c0000000, 0x00000000cfa00000, 0x00000000eab00000)
  object space 256000K, 86% used [0x00000000c0000000,0x00000000cd738a58,0x00000000cfa00000)
 Metaspace       used 74792K, committed 76096K, reserved 1122304K
  class space    used 7813K, committed 8384K, reserved 1048576K
GC Heap History (20 events):
Event: 21.262 GC heap after
{Heap after GC invocations=172 (full 10):
 PSYoungGen      total 32768K, used 8187K [0x00000000eab00000, 0x00000000ed500000, 0x0000000100000000)
  eden space 24576K, 0% used [0x00000000eab00000,0x00000000eab00000,0x00000000ec300000)
  from space 8192K, 99% used [0x00000000ec500000,0x00000000eccfec70,0x00000000ecd00000)
  to   space 8192K, 0% used [0x00000000ecd00000,0x00000000ecd00000,0x00000000ed500000)
 ParOldGen       total 239104K, used 189205K [0x00000000c0000000, 0x00000000ce980000, 0x00000000eab00000)
  object space 239104K, 79% used [0x00000000c0000000,0x00000000cb8c57e8,0x00000000ce980000)
 Metaspace       used 67095K, committed 68288K, reserved 1114112K
  class space    used 6922K, committed 7424K, reserved 1048576K
}
Event: 21.289 GC heap before
{Heap before GC invocations=173 (full 10):
 PSYoungGen      total 32768K, used 32758K [0x00000000eab00000, 0x00000000ed500000, 0x0000000100000000)
  eden space 24576K, 99% used [0x00000000eab00000,0x00000000ec2fedb0,0x00000000ec300000)
  from space 8192K, 99% used [0x00000000ec500000,0x00000000eccfec70,0x00000000ecd00000)
  to   space 8192K, 0% used [0x00000000ecd00000,0x00000000ecd00000,0x00000000ed500000)
 ParOldGen       total 239104K, used 189205K [0x00000000c0000000, 0x00000000ce980000, 0x00000000eab00000)
  object space 239104K, 79% used [0x00000000c0000000,0x00000000cb8c57e8,0x00000000ce980000)
 Metaspace       used 67473K, committed 68672K, reserved 1114112K
  class space    used 6952K, committed 7488K, reserved 1048576K
}
Event: 21.290 GC heap after
{Heap after GC invocations=173 (full 10):
 PSYoungGen      total 31744K, used 6877K [0x00000000eab00000, 0x00000000ed400000, 0x0000000100000000)
  eden space 24576K, 0% used [0x00000000eab00000,0x00000000eab00000,0x00000000ec300000)
  from space 7168K, 95% used [0x00000000ecd00000,0x00000000ed3b75c8,0x00000000ed400000)
  to   space 7680K, 0% used [0x00000000ec500000,0x00000000ec500000,0x00000000ecc80000)
 ParOldGen       total 239104K, used 190004K [0x00000000c0000000, 0x00000000ce980000, 0x00000000eab00000)
  object space 239104K, 79% used [0x00000000c0000000,0x00000000cb98d1f0,0x00000000ce980000)
 Metaspace       used 67473K, committed 68672K, reserved 1114112K
  class space    used 6952K, committed 7488K, reserved 1048576K
}
Event: 21.817 GC heap before
{Heap before GC invocations=174 (full 10):
 PSYoungGen      total 31744K, used 31453K [0x00000000eab00000, 0x00000000ed400000, 0x0000000100000000)
  eden space 24576K, 100% used [0x00000000eab00000,0x00000000ec300000,0x00000000ec300000)
  from space 7168K, 95% used [0x00000000ecd00000,0x00000000ed3b75c8,0x00000000ed400000)
  to   space 7680K, 0% used [0x00000000ec500000,0x00000000ec500000,0x00000000ecc80000)
 ParOldGen       total 239104K, used 190004K [0x00000000c0000000, 0x00000000ce980000, 0x00000000eab00000)
  object space 239104K, 79% used [0x00000000c0000000,0x00000000cb98d1f0,0x00000000ce980000)
 Metaspace       used 69915K, committed 71168K, reserved 1114112K
  class space    used 7167K, committed 7680K, reserved 1048576K
}
Event: 21.818 GC heap after
{Heap after GC invocations=174 (full 10):
 PSYoungGen      total 32256K, used 7674K [0x00000000eab00000, 0x00000000ed400000, 0x0000000100000000)
  eden space 24576K, 0% used [0x00000000eab00000,0x00000000eab00000,0x00000000ec300000)
  from space 7680K, 99% used [0x00000000ec500000,0x00000000ecc7ebd8,0x00000000ecc80000)
  to   space 7680K, 0% used [0x00000000ecc80000,0x00000000ecc80000,0x00000000ed400000)
 ParOldGen       total 239104K, used 190633K [0x00000000c0000000, 0x00000000ce980000, 0x00000000eab00000)
  object space 239104K, 79% used [0x00000000c0000000,0x00000000cba2a400,0x00000000ce980000)
 Metaspace       used 69915K, committed 71168K, reserved 1114112K
  class space    used 7167K, committed 7680K, reserved 1048576K
}
Event: 21.972 GC heap before
{Heap before GC invocations=175 (full 10):
 PSYoungGen      total 32256K, used 31892K [0x00000000eab00000, 0x00000000ed400000, 0x0000000100000000)
  eden space 24576K, 98% used [0x00000000eab00000,0x00000000ec2a6800,0x00000000ec300000)
  from space 7680K, 99% used [0x00000000ec500000,0x00000000ecc7ebd8,0x00000000ecc80000)
  to   space 7680K, 0% used [0x00000000ecc80000,0x00000000ecc80000,0x00000000ed400000)
 ParOldGen       total 239104K, used 190633K [0x00000000c0000000, 0x00000000ce980000, 0x00000000eab00000)
  object space 239104K, 79% used [0x00000000c0000000,0x00000000cba2a400,0x00000000ce980000)
 Metaspace       used 70333K, committed 71680K, reserved 1114112K
  class space    used 7209K, committed 7808K, reserved 1048576K
}
Event: 21.974 GC heap after
{Heap after GC invocations=175 (full 10):
 PSYoungGen      total 26112K, used 7660K [0x00000000eab00000, 0x00000000ee200000, 0x0000000100000000)
  eden space 18432K, 0% used [0x00000000eab00000,0x00000000eab00000,0x00000000ebd00000)
  from space 7680K, 99% used [0x00000000ecc80000,0x00000000ed3fb200,0x00000000ed400000)
  to   space 15872K, 0% used [0x00000000ebd00000,0x00000000ebd00000,0x00000000ecc80000)
 ParOldGen       total 239104K, used 197568K [0x00000000c0000000, 0x00000000ce980000, 0x00000000eab00000)
  object space 239104K, 82% used [0x00000000c0000000,0x00000000cc0f0140,0x00000000ce980000)
 Metaspace       used 70333K, committed 71680K, reserved 1114112K
  class space    used 7209K, committed 7808K, reserved 1048576K
}
Event: 22.000 GC heap before
{Heap before GC invocations=176 (full 11):
 PSYoungGen      total 26112K, used 26092K [0x00000000eab00000, 0x00000000ee200000, 0x0000000100000000)
  eden space 18432K, 100% used [0x00000000eab00000,0x00000000ebd00000,0x00000000ebd00000)
  from space 7680K, 99% used [0x00000000ecc80000,0x00000000ed3fb200,0x00000000ed400000)
  to   space 15872K, 0% used [0x00000000ebd00000,0x00000000ebd00000,0x00000000ecc80000)
 ParOldGen       total 239104K, used 234907K [0x00000000c0000000, 0x00000000ce980000, 0x00000000eab00000)
  object space 239104K, 98% used [0x00000000c0000000,0x00000000ce566c90,0x00000000ce980000)
 Metaspace       used 70339K, committed 71680K, reserved 1114112K
  class space    used 7210K, committed 7808K, reserved 1048576K
}
Event: 22.027 GC heap after
{Heap after GC invocations=176 (full 11):
 PSYoungGen      total 34304K, used 0K [0x00000000eab00000, 0x00000000edc00000, 0x0000000100000000)
  eden space 18432K, 0% used [0x00000000eab00000,0x00000000eab00000,0x00000000ebd00000)
  from space 15872K, 0% used [0x00000000ebd00000,0x00000000ebd00000,0x00000000ecc80000)
  to   space 15872K, 0% used [0x00000000ecc80000,0x00000000ecc80000,0x00000000edc00000)
 ParOldGen       total 256000K, used 204178K [0x00000000c0000000, 0x00000000cfa00000, 0x00000000eab00000)
  object space 256000K, 79% used [0x00000000c0000000,0x00000000cc764a58,0x00000000cfa00000)
 Metaspace       used 70339K, committed 71680K, reserved 1114112K
  class space    used 7210K, committed 7808K, reserved 1048576K
}
Event: 22.039 GC heap before
{Heap before GC invocations=177 (full 11):
 PSYoungGen      total 34304K, used 18432K [0x00000000eab00000, 0x00000000edc00000, 0x0000000100000000)
  eden space 18432K, 100% used [0x00000000eab00000,0x00000000ebd00000,0x00000000ebd00000)
  from space 15872K, 0% used [0x00000000ebd00000,0x00000000ebd00000,0x00000000ecc80000)
  to   space 15872K, 0% used [0x00000000ecc80000,0x00000000ecc80000,0x00000000edc00000)
 ParOldGen       total 256000K, used 204178K [0x00000000c0000000, 0x00000000cfa00000, 0x00000000eab00000)
  object space 256000K, 79% used [0x00000000c0000000,0x00000000cc764a58,0x00000000cfa00000)
 Metaspace       used 70339K, committed 71680K, reserved 1114112K
  class space    used 7210K, committed 7808K, reserved 1048576K
}
Event: 22.041 GC heap after
{Heap after GC invocations=177 (full 11):
 PSYoungGen      total 31744K, used 13152K [0x00000000eab00000, 0x00000000ed980000, 0x0000000100000000)
  eden space 18432K, 0% used [0x00000000eab00000,0x00000000eab00000,0x00000000ebd00000)
  from space 13312K, 98% used [0x00000000ecc80000,0x00000000ed958000,0x00000000ed980000)
  to   space 13824K, 0% used [0x00000000ebe80000,0x00000000ebe80000,0x00000000ecc00000)
 ParOldGen       total 256000K, used 204178K [0x00000000c0000000, 0x00000000cfa00000, 0x00000000eab00000)
  object space 256000K, 79% used [0x00000000c0000000,0x00000000cc764a58,0x00000000cfa00000)
 Metaspace       used 70339K, committed 71680K, reserved 1114112K
  class space    used 7210K, committed 7808K, reserved 1048576K
}
Event: 22.051 GC heap before
{Heap before GC invocations=178 (full 11):
 PSYoungGen      total 31744K, used 31584K [0x00000000eab00000, 0x00000000ed980000, 0x0000000100000000)
  eden space 18432K, 100% used [0x00000000eab00000,0x00000000ebd00000,0x00000000ebd00000)
  from space 13312K, 98% used [0x00000000ecc80000,0x00000000ed958000,0x00000000ed980000)
  to   space 13824K, 0% used [0x00000000ebe80000,0x00000000ebe80000,0x00000000ecc00000)
 ParOldGen       total 256000K, used 204178K [0x00000000c0000000, 0x00000000cfa00000, 0x00000000eab00000)
  object space 256000K, 79% used [0x00000000c0000000,0x00000000cc764a58,0x00000000cfa00000)
 Metaspace       used 70339K, committed 71680K, reserved 1114112K
  class space    used 7210K, committed 7808K, reserved 1048576K
}
Event: 22.054 GC heap after
{Heap after GC invocations=178 (full 11):
 PSYoungGen      total 32256K, used 13824K [0x00000000eab00000, 0x00000000ef400000, 0x0000000100000000)
  eden space 18432K, 0% used [0x00000000eab00000,0x00000000eab00000,0x00000000ebd00000)
  from space 13824K, 100% used [0x00000000ebe80000,0x00000000ecc00000,0x00000000ecc00000)
  to   space 28160K, 0% used [0x00000000ed880000,0x00000000ed880000,0x00000000ef400000)
 ParOldGen       total 256000K, used 216282K [0x00000000c0000000, 0x00000000cfa00000, 0x00000000eab00000)
  object space 256000K, 84% used [0x00000000c0000000,0x00000000cd336a58,0x00000000cfa00000)
 Metaspace       used 70339K, committed 71680K, reserved 1114112K
  class space    used 7210K, committed 7808K, reserved 1048576K
}
Event: 22.389 GC heap before
{Heap before GC invocations=179 (full 11):
 PSYoungGen      total 32256K, used 32222K [0x00000000eab00000, 0x00000000ef400000, 0x0000000100000000)
  eden space 18432K, 99% used [0x00000000eab00000,0x00000000ebcf7a50,0x00000000ebd00000)
  from space 13824K, 100% used [0x00000000ebe80000,0x00000000ecc00000,0x00000000ecc00000)
  to   space 28160K, 0% used [0x00000000ed880000,0x00000000ed880000,0x00000000ef400000)
 ParOldGen       total 256000K, used 216282K [0x00000000c0000000, 0x00000000cfa00000, 0x00000000eab00000)
  object space 256000K, 84% used [0x00000000c0000000,0x00000000cd336a58,0x00000000cfa00000)
 Metaspace       used 71251K, committed 72512K, reserved 1122304K
  class space    used 7312K, committed 7872K, reserved 1048576K
}
Event: 22.393 GC heap after
{Heap after GC invocations=179 (full 11):
 PSYoungGen      total 37888K, used 18993K [0x00000000eab00000, 0x00000000eeb80000, 0x0000000100000000)
  eden space 18432K, 0% used [0x00000000eab00000,0x00000000eab00000,0x00000000ebd00000)
  from space 19456K, 97% used [0x00000000ed880000,0x00000000eeb0c460,0x00000000eeb80000)
  to   space 21504K, 0% used [0x00000000ec180000,0x00000000ec180000,0x00000000ed680000)
 ParOldGen       total 256000K, used 216282K [0x00000000c0000000, 0x00000000cfa00000, 0x00000000eab00000)
  object space 256000K, 84% used [0x00000000c0000000,0x00000000cd336a58,0x00000000cfa00000)
 Metaspace       used 71251K, committed 72512K, reserved 1122304K
  class space    used 7312K, committed 7872K, reserved 1048576K
}
Event: 23.034 GC heap before
{Heap before GC invocations=180 (full 11):
 PSYoungGen      total 37888K, used 37425K [0x00000000eab00000, 0x00000000eeb80000, 0x0000000100000000)
  eden space 18432K, 100% used [0x00000000eab00000,0x00000000ebd00000,0x00000000ebd00000)
  from space 19456K, 97% used [0x00000000ed880000,0x00000000eeb0c460,0x00000000eeb80000)
  to   space 21504K, 0% used [0x00000000ec180000,0x00000000ec180000,0x00000000ed680000)
 ParOldGen       total 256000K, used 216282K [0x00000000c0000000, 0x00000000cfa00000, 0x00000000eab00000)
  object space 256000K, 84% used [0x00000000c0000000,0x00000000cd336a58,0x00000000cfa00000)
 Metaspace       used 73645K, committed 74880K, reserved 1122304K
  class space    used 7678K, committed 8192K, reserved 1048576K
}
Event: 23.035 GC heap after
{Heap after GC invocations=180 (full 11):
 PSYoungGen      total 38400K, used 19525K [0x00000000eab00000, 0x00000000ee400000, 0x0000000100000000)
  eden space 18432K, 0% used [0x00000000eab00000,0x00000000eab00000,0x00000000ebd00000)
  from space 19968K, 97% used [0x00000000ec180000,0x00000000ed491680,0x00000000ed500000)
  to   space 15360K, 0% used [0x00000000ed500000,0x00000000ed500000,0x00000000ee400000)
 ParOldGen       total 256000K, used 216290K [0x00000000c0000000, 0x00000000cfa00000, 0x00000000eab00000)
  object space 256000K, 84% used [0x00000000c0000000,0x00000000cd338a58,0x00000000cfa00000)
 Metaspace       used 73645K, committed 74880K, reserved 1122304K
  class space    used 7678K, committed 8192K, reserved 1048576K
}
Event: 26.229 GC heap before
{Heap before GC invocations=181 (full 11):
 PSYoungGen      total 38400K, used 37957K [0x00000000eab00000, 0x00000000ee400000, 0x0000000100000000)
  eden space 18432K, 100% used [0x00000000eab00000,0x00000000ebd00000,0x00000000ebd00000)
  from space 19968K, 97% used [0x00000000ec180000,0x00000000ed491680,0x00000000ed500000)
  to   space 15360K, 0% used [0x00000000ed500000,0x00000000ed500000,0x00000000ee400000)
 ParOldGen       total 256000K, used 216290K [0x00000000c0000000, 0x00000000cfa00000, 0x00000000eab00000)
  object space 256000K, 84% used [0x00000000c0000000,0x00000000cd338a58,0x00000000cfa00000)
 Metaspace       used 74508K, committed 75840K, reserved 1122304K
  class space    used 7788K, committed 8384K, reserved 1048576K
}
Event: 26.231 GC heap after
{Heap after GC invocations=181 (full 11):
 PSYoungGen      total 33792K, used 15355K [0x00000000eab00000, 0x00000000ee400000, 0x0000000100000000)
  eden space 18432K, 0% used [0x00000000eab00000,0x00000000eab00000,0x00000000ebd00000)
  from space 15360K, 99% used [0x00000000ed500000,0x00000000ee3fed70,0x00000000ee400000)
  to   space 19968K, 0% used [0x00000000ebd00000,0x00000000ebd00000,0x00000000ed080000)
 ParOldGen       total 256000K, used 220378K [0x00000000c0000000, 0x00000000cfa00000, 0x00000000eab00000)
  object space 256000K, 86% used [0x00000000c0000000,0x00000000cd736a58,0x00000000cfa00000)
 Metaspace       used 74508K, committed 75840K, reserved 1122304K
  class space    used 7788K, committed 8384K, reserved 1048576K
}
Event: 76.366 GC heap before
{Heap before GC invocations=182 (full 11):
 PSYoungGen      total 33792K, used 33769K [0x00000000eab00000, 0x00000000ee400000, 0x0000000100000000)
  eden space 18432K, 99% used [0x00000000eab00000,0x00000000ebcfb9f0,0x00000000ebd00000)
  from space 15360K, 99% used [0x00000000ed500000,0x00000000ee3fed70,0x00000000ee400000)
  to   space 19968K, 0% used [0x00000000ebd00000,0x00000000ebd00000,0x00000000ed080000)
 ParOldGen       total 256000K, used 220378K [0x00000000c0000000, 0x00000000cfa00000, 0x00000000eab00000)
  object space 256000K, 86% used [0x00000000c0000000,0x00000000cd736a58,0x00000000cfa00000)
 Metaspace       used 74792K, committed 76096K, reserved 1122304K
  class space    used 7813K, committed 8384K, reserved 1048576K
}

